
Showing logs for build [32mcb-kubecd-environment-pr-120-55-74rss-1[0m stage [32mfrom-build-pack[0m and container [32mstep-credential-initializer-gtzc2[0m
{"level":"warn","ts":1577541395.0915835,"logger":"fallback-logger","caller":"logging/config.go:69","msg":"Fetch GitHub commit ID from kodata failed: \"ref: refs/heads/master\" is not a valid GitHub commit ID"}
{"level":"info","ts":1577541395.0928338,"logger":"fallback-logger","caller":"creds-init/main.go:40","msg":"Credentials initialized."}

Showing logs for build [32mcb-kubecd-environment-pr-120-55-74rss-1[0m stage [32mfrom-build-pack[0m and container [32mstep-working-dir-initializer-rmtrr[0m
{"level":"warn","ts":1577541397.7092106,"logger":"fallback-logger","caller":"logging/config.go:69","msg":"Fetch GitHub commit ID from kodata failed: open /var/run/ko/HEAD: no such file or directory"}
{"level":"info","ts":1577541397.7111294,"logger":"fallback-logger","caller":"bash/main.go:65","msg":"Successfully executed command \"mkdir -p /workspace/source\""}

Showing logs for build [32mcb-kubecd-environment-pr-120-55-74rss-1[0m stage [32mfrom-build-pack[0m and container [32mstep-place-tools[0m

Showing logs for build [32mcb-kubecd-environment-pr-120-55-74rss-1[0m stage [32mfrom-build-pack[0m and container [32mstep-git-source-cb-kubecd-environment-pr-120-55-jn45k[0m
{"level":"warn","ts":1577541403.4673915,"logger":"fallback-logger","caller":"logging/config.go:69","msg":"Fetch GitHub commit ID from kodata failed: \"ref: refs/heads/master\" is not a valid GitHub commit ID"}
{"level":"info","ts":1577541404.6209288,"logger":"fallback-logger","caller":"git/git.go:102","msg":"Successfully cloned https://github.com/cb-kubecd/environment-pr-120-55-boot-gke-staging.git @ master in path /workspace/source"}

Showing logs for build [32mcb-kubecd-environment-pr-120-55-74rss-1[0m stage [32mfrom-build-pack[0m and container [32mstep-git-merge[0m
Using SHAs from PULL_REFS=master:fd6640b0edf36115803e4b289d1ee68a0e432240,8:d06df5980a98cc1d6e305436004be09e566f9eaf
DEBUG: ran git fetch --unshallow origin d06df5980a98cc1d6e305436004be09e566f9eaf: fd6640b0edf36115803e4b289d1ee68a0e432240: in 
DEBUG: ran git checkout master in 
DEBUG: ran git reset --hard fd6640b0edf36115803e4b289d1ee68a0e432240 in 
DEBUG: ran clean --force -d . in 
DEBUG: ran git merge d06df5980a98cc1d6e305436004be09e566f9eaf in 
Merged SHA d06df5980a98cc1d6e305436004be09e566f9eaf with commit message 'chore: Promote bdd-sbhg-import-1577539636 to version 0.0.1' into base branch master

Showing logs for build [32mcb-kubecd-environment-pr-120-55-74rss-1[0m stage [32mfrom-build-pack[0m and container [32mstep-build-helm-build[0m
WARNING: No $CHART_REPOSITORY defined so using the default value of: http://jenkins-x-chartmuseum:8080
Adding missing Helm repo: storage.googleapis.com https://storage.googleapis.com/chartmuseum.jenkins-x.io
WARNING: No secrets found on "helm/repos" due: reading the secret "helm/repos" from vault: no secret "helm/repos" not found in vault
Read credentials for https://storage.googleapis.com/chartmuseum.jenkins-x.io from vault helm/repos
Successfully added Helm repository storage.googleapis.com.
Adding missing Helm repo: jenkins-x-chartmuseum http://jenkins-x-chartmuseum:8080
WARNING: No secrets found on "helm/repos" due: reading the secret "helm/repos" from vault: no secret "helm/repos" not found in vault
Read credentials for http://jenkins-x-chartmuseum:8080 from vault helm/repos
Successfully added Helm repository jenkins-x-chartmuseum.
WARNING: No $CHART_REPOSITORY defined so using the default value of: http://jenkins-x-chartmuseum:8080
Adding missing Helm repo: chartmuseum.jenkins-x.io http://chartmuseum.jenkins-x.io
WARNING: No secrets found on "helm/repos" due: reading the secret "helm/repos" from vault: no secret "helm/repos" not found in vault
Read credentials for http://chartmuseum.jenkins-x.io from vault helm/repos
Successfully added Helm repository chartmuseum.jenkins-x.io.
