
Showing logs for build [32mcb-kubecd-environment-pr-120-55-m28tc-1[0m stage [32mfrom-build-pack[0m and container [32mstep-credential-initializer-tqvz6[0m
{"level":"warn","ts":1577539992.8932745,"logger":"fallback-logger","caller":"logging/config.go:69","msg":"Fetch GitHub commit ID from kodata failed: \"ref: refs/heads/master\" is not a valid GitHub commit ID"}
{"level":"info","ts":1577539992.895964,"logger":"fallback-logger","caller":"creds-init/main.go:40","msg":"Credentials initialized."}

Showing logs for build [32mcb-kubecd-environment-pr-120-55-m28tc-1[0m stage [32mfrom-build-pack[0m and container [32mstep-working-dir-initializer-8gxjl[0m
{"level":"warn","ts":1577539993.8622723,"logger":"fallback-logger","caller":"logging/config.go:69","msg":"Fetch GitHub commit ID from kodata failed: open /var/run/ko/HEAD: no such file or directory"}
{"level":"info","ts":1577539993.8684502,"logger":"fallback-logger","caller":"bash/main.go:65","msg":"Successfully executed command \"mkdir -p /workspace/source\""}

Showing logs for build [32mcb-kubecd-environment-pr-120-55-m28tc-1[0m stage [32mfrom-build-pack[0m and container [32mstep-place-tools[0m

Showing logs for build [32mcb-kubecd-environment-pr-120-55-m28tc-1[0m stage [32mfrom-build-pack[0m and container [32mstep-git-source-cb-kubecd-environment-pr-120-55-z8rfr[0m
{"level":"warn","ts":1577539997.9307845,"logger":"fallback-logger","caller":"logging/config.go:69","msg":"Fetch GitHub commit ID from kodata failed: \"ref: refs/heads/master\" is not a valid GitHub commit ID"}
{"level":"info","ts":1577539998.603164,"logger":"fallback-logger","caller":"git/git.go:102","msg":"Successfully cloned https://github.com/cb-kubecd/environment-pr-120-55-boot-gke-staging.git @ master in path /workspace/source"}

Showing logs for build [32mcb-kubecd-environment-pr-120-55-m28tc-1[0m stage [32mfrom-build-pack[0m and container [32mstep-git-merge[0m
Using SHAs from PULL_REFS=master:7816d22e1d5504a0d6ff0d8265d907b55dd27309,5:b5c0083725fa3401b1a73d5265cfede3af0fefdc
DEBUG: ran git fetch --unshallow origin b5c0083725fa3401b1a73d5265cfede3af0fefdc: 7816d22e1d5504a0d6ff0d8265d907b55dd27309: in 
DEBUG: ran git checkout master in 
DEBUG: ran git reset --hard 7816d22e1d5504a0d6ff0d8265d907b55dd27309 in 
DEBUG: ran clean --force -d . in 
DEBUG: ran git merge b5c0083725fa3401b1a73d5265cfede3af0fefdc in 
Merged SHA b5c0083725fa3401b1a73d5265cfede3af0fefdc with commit message 'chore: Promote bdd-sbrp-import-1577539636 to version 0.0.1' into base branch master

Showing logs for build [32mcb-kubecd-environment-pr-120-55-m28tc-1[0m stage [32mfrom-build-pack[0m and container [32mstep-build-helm-build[0m
WARNING: No $CHART_REPOSITORY defined so using the default value of: http://jenkins-x-chartmuseum:8080
Adding missing Helm repo: storage.googleapis.com https://storage.googleapis.com/chartmuseum.jenkins-x.io
WARNING: No secrets found on "helm/repos" due: reading the secret "helm/repos" from vault: no secret "helm/repos" not found in vault
Read credentials for https://storage.googleapis.com/chartmuseum.jenkins-x.io from vault helm/repos
Successfully added Helm repository storage.googleapis.com.
Adding missing Helm repo: jenkins-x-chartmuseum http://jenkins-x-chartmuseum:8080
WARNING: No secrets found on "helm/repos" due: reading the secret "helm/repos" from vault: no secret "helm/repos" not found in vault
Read credentials for http://jenkins-x-chartmuseum:8080 from vault helm/repos
Successfully added Helm repository jenkins-x-chartmuseum.
WARNING: No $CHART_REPOSITORY defined so using the default value of: http://jenkins-x-chartmuseum:8080
Adding missing Helm repo: chartmuseum.jenkins-x.io http://chartmuseum.jenkins-x.io
WARNING: No secrets found on "helm/repos" due: reading the secret "helm/repos" from vault: no secret "helm/repos" not found in vault
Read credentials for http://chartmuseum.jenkins-x.io from vault helm/repos
Successfully added Helm repository chartmuseum.jenkins-x.io.
