
Showing logs for build [32mcb-kubecd-environment-pr-120-55-zd4zq-1[0m stage [32mfrom-build-pack[0m and container [32mstep-credential-initializer-hrrdx[0m
{"level":"warn","ts":1577538371.2812133,"logger":"fallback-logger","caller":"logging/config.go:69","msg":"Fetch GitHub commit ID from kodata failed: \"ref: refs/heads/master\" is not a valid GitHub commit ID"}
{"level":"info","ts":1577538371.2834165,"logger":"fallback-logger","caller":"creds-init/main.go:40","msg":"Credentials initialized."}

Showing logs for build [32mcb-kubecd-environment-pr-120-55-zd4zq-1[0m stage [32mfrom-build-pack[0m and container [32mstep-working-dir-initializer-8q8j8[0m
{"level":"warn","ts":1577538371.7550495,"logger":"fallback-logger","caller":"logging/config.go:69","msg":"Fetch GitHub commit ID from kodata failed: open /var/run/ko/HEAD: no such file or directory"}
{"level":"info","ts":1577538371.7568276,"logger":"fallback-logger","caller":"bash/main.go:65","msg":"Successfully executed command \"mkdir -p /workspace/source\""}

Showing logs for build [32mcb-kubecd-environment-pr-120-55-zd4zq-1[0m stage [32mfrom-build-pack[0m and container [32mstep-place-tools[0m

Showing logs for build [32mcb-kubecd-environment-pr-120-55-zd4zq-1[0m stage [32mfrom-build-pack[0m and container [32mstep-git-source-cb-kubecd-environment-pr-120-55-788zt[0m
{"level":"warn","ts":1577538375.8657634,"logger":"fallback-logger","caller":"logging/config.go:69","msg":"Fetch GitHub commit ID from kodata failed: \"ref: refs/heads/master\" is not a valid GitHub commit ID"}
{"level":"info","ts":1577538377.0019577,"logger":"fallback-logger","caller":"git/git.go:102","msg":"Successfully cloned https://github.com/cb-kubecd/environment-pr-120-55-boot-gke-staging.git @ master in path /workspace/source"}

Showing logs for build [32mcb-kubecd-environment-pr-120-55-zd4zq-1[0m stage [32mfrom-build-pack[0m and container [32mstep-git-merge[0m
Using SHAs from PULL_REFS=master:fc10aea98f6907e4e9528fe54a83a14e9f382f33,3:81dbb09da916f14e175eef11e3e40f39960ec0d9
DEBUG: ran git fetch --unshallow origin 81dbb09da916f14e175eef11e3e40f39960ec0d9: fc10aea98f6907e4e9528fe54a83a14e9f382f33: in 
DEBUG: ran git checkout master in 
DEBUG: ran git reset --hard fc10aea98f6907e4e9528fe54a83a14e9f382f33 in 
DEBUG: ran clean --force -d . in 
DEBUG: ran git merge 81dbb09da916f14e175eef11e3e40f39960ec0d9 in 
Merged SHA 81dbb09da916f14e175eef11e3e40f39960ec0d9 with commit message 'chore: Promote bdd-nh-1577537502 to version 0.0.1' into base branch master

Showing logs for build [32mcb-kubecd-environment-pr-120-55-zd4zq-1[0m stage [32mfrom-build-pack[0m and container [32mstep-build-helm-build[0m
WARNING: No $CHART_REPOSITORY defined so using the default value of: http://jenkins-x-chartmuseum:8080
Adding missing Helm repo: storage.googleapis.com https://storage.googleapis.com/chartmuseum.jenkins-x.io
WARNING: No secrets found on "helm/repos" due: reading the secret "helm/repos" from vault: no secret "helm/repos" not found in vault
Read credentials for https://storage.googleapis.com/chartmuseum.jenkins-x.io from vault helm/repos
Successfully added Helm repository storage.googleapis.com.
Adding missing Helm repo: jenkins-x-chartmuseum http://jenkins-x-chartmuseum:8080
WARNING: No secrets found on "helm/repos" due: reading the secret "helm/repos" from vault: no secret "helm/repos" not found in vault
Read credentials for http://jenkins-x-chartmuseum:8080 from vault helm/repos
Successfully added Helm repository jenkins-x-chartmuseum.
WARNING: No $CHART_REPOSITORY defined so using the default value of: http://jenkins-x-chartmuseum:8080
Adding missing Helm repo: chartmuseum.jenkins-x.io http://chartmuseum.jenkins-x.io
WARNING: No secrets found on "helm/repos" due: reading the secret "helm/repos" from vault: no secret "helm/repos" not found in vault
Read credentials for http://chartmuseum.jenkins-x.io from vault helm/repos
Successfully added Helm repository chartmuseum.jenkins-x.io.
