
Showing logs for build [32mcb-kubecd-environment-pr-120-55-mnvsh-1[0m stage [32mfrom-build-pack[0m and container [32mstep-credential-initializer-8wmh8[0m
{"level":"warn","ts":1577539026.1837187,"logger":"fallback-logger","caller":"logging/config.go:69","msg":"Fetch GitHub commit ID from kodata failed: \"ref: refs/heads/master\" is not a valid GitHub commit ID"}
{"level":"info","ts":1577539026.1845286,"logger":"fallback-logger","caller":"creds-init/main.go:40","msg":"Credentials initialized."}

Showing logs for build [32mcb-kubecd-environment-pr-120-55-mnvsh-1[0m stage [32mfrom-build-pack[0m and container [32mstep-working-dir-initializer-qfh9f[0m
{"level":"warn","ts":1577539026.8969262,"logger":"fallback-logger","caller":"logging/config.go:69","msg":"Fetch GitHub commit ID from kodata failed: open /var/run/ko/HEAD: no such file or directory"}
{"level":"info","ts":1577539026.8984005,"logger":"fallback-logger","caller":"bash/main.go:65","msg":"Successfully executed command \"mkdir -p /workspace/source\""}

Showing logs for build [32mcb-kubecd-environment-pr-120-55-mnvsh-1[0m stage [32mfrom-build-pack[0m and container [32mstep-place-tools[0m

Showing logs for build [32mcb-kubecd-environment-pr-120-55-mnvsh-1[0m stage [32mfrom-build-pack[0m and container [32mstep-git-source-cb-kubecd-environment-pr-120-55-hmnrj[0m
{"level":"warn","ts":1577539033.0736194,"logger":"fallback-logger","caller":"logging/config.go:69","msg":"Fetch GitHub commit ID from kodata failed: \"ref: refs/heads/master\" is not a valid GitHub commit ID"}
{"level":"info","ts":1577539034.2372952,"logger":"fallback-logger","caller":"git/git.go:102","msg":"Successfully cloned https://github.com/cb-kubecd/environment-pr-120-55-boot-gke-staging.git @ master in path /workspace/source"}

Showing logs for build [32mcb-kubecd-environment-pr-120-55-mnvsh-1[0m stage [32mfrom-build-pack[0m and container [32mstep-git-merge[0m
Using SHAs from PULL_REFS=master:affe870f8cc66c8c74b319e50d869200c2022bfc,4:27ca104e0dc35573da59442f64dd6d00215f7c96
DEBUG: ran git fetch --unshallow origin 27ca104e0dc35573da59442f64dd6d00215f7c96: affe870f8cc66c8c74b319e50d869200c2022bfc: in 
DEBUG: ran git checkout master in 
DEBUG: ran git reset --hard affe870f8cc66c8c74b319e50d869200c2022bfc in 
DEBUG: ran clean --force -d . in 
DEBUG: ran git merge 27ca104e0dc35573da59442f64dd6d00215f7c96 in 
Merged SHA 27ca104e0dc35573da59442f64dd6d00215f7c96 with commit message 'chore: Promote bdd-sbhg-1577537502 to version 0.0.1' into base branch master

Showing logs for build [32mcb-kubecd-environment-pr-120-55-mnvsh-1[0m stage [32mfrom-build-pack[0m and container [32mstep-build-helm-build[0m
WARNING: No $CHART_REPOSITORY defined so using the default value of: http://jenkins-x-chartmuseum:8080
Adding missing Helm repo: storage.googleapis.com https://storage.googleapis.com/chartmuseum.jenkins-x.io
WARNING: No secrets found on "helm/repos" due: reading the secret "helm/repos" from vault: no secret "helm/repos" not found in vault
Read credentials for https://storage.googleapis.com/chartmuseum.jenkins-x.io from vault helm/repos
Successfully added Helm repository storage.googleapis.com.
Adding missing Helm repo: jenkins-x-chartmuseum http://jenkins-x-chartmuseum:8080
WARNING: No secrets found on "helm/repos" due: reading the secret "helm/repos" from vault: no secret "helm/repos" not found in vault
Read credentials for http://jenkins-x-chartmuseum:8080 from vault helm/repos
Successfully added Helm repository jenkins-x-chartmuseum.
WARNING: No $CHART_REPOSITORY defined so using the default value of: http://jenkins-x-chartmuseum:8080
Adding missing Helm repo: chartmuseum.jenkins-x.io http://chartmuseum.jenkins-x.io
WARNING: No secrets found on "helm/repos" due: reading the secret "helm/repos" from vault: no secret "helm/repos" not found in vault
Read credentials for http://chartmuseum.jenkins-x.io from vault helm/repos
Successfully added Helm repository chartmuseum.jenkins-x.io.
