
Showing logs for build [32mcb-kubecd-environment-pr-120-55-km4sw-1[0m stage [32mfrom-build-pack[0m and container [32mstep-credential-initializer-7lngp[0m
{"level":"warn","ts":1577540441.6547322,"logger":"fallback-logger","caller":"logging/config.go:69","msg":"Fetch GitHub commit ID from kodata failed: \"ref: refs/heads/master\" is not a valid GitHub commit ID"}
{"level":"info","ts":1577540441.6556685,"logger":"fallback-logger","caller":"creds-init/main.go:40","msg":"Credentials initialized."}

Showing logs for build [32mcb-kubecd-environment-pr-120-55-km4sw-1[0m stage [32mfrom-build-pack[0m and container [32mstep-working-dir-initializer-z6zfb[0m
{"level":"warn","ts":1577540442.682078,"logger":"fallback-logger","caller":"logging/config.go:69","msg":"Fetch GitHub commit ID from kodata failed: open /var/run/ko/HEAD: no such file or directory"}
{"level":"info","ts":1577540442.6838255,"logger":"fallback-logger","caller":"bash/main.go:65","msg":"Successfully executed command \"mkdir -p /workspace/source\""}

Showing logs for build [32mcb-kubecd-environment-pr-120-55-km4sw-1[0m stage [32mfrom-build-pack[0m and container [32mstep-place-tools[0m

Showing logs for build [32mcb-kubecd-environment-pr-120-55-km4sw-1[0m stage [32mfrom-build-pack[0m and container [32mstep-git-source-cb-kubecd-environment-pr-120-55-zlp7q[0m
{"level":"warn","ts":1577540447.033201,"logger":"fallback-logger","caller":"logging/config.go:69","msg":"Fetch GitHub commit ID from kodata failed: \"ref: refs/heads/master\" is not a valid GitHub commit ID"}
{"level":"info","ts":1577540448.1771305,"logger":"fallback-logger","caller":"git/git.go:102","msg":"Successfully cloned https://github.com/cb-kubecd/environment-pr-120-55-boot-gke-staging.git @ master in path /workspace/source"}

Showing logs for build [32mcb-kubecd-environment-pr-120-55-km4sw-1[0m stage [32mfrom-build-pack[0m and container [32mstep-git-merge[0m
Using SHAs from PULL_REFS=master:aa0ad074059d5e62497fddff8510a95ce2eb6d88,6:9df62ae9082c7804f5359fa300661c25320f5389
DEBUG: ran git fetch --unshallow origin 9df62ae9082c7804f5359fa300661c25320f5389: aa0ad074059d5e62497fddff8510a95ce2eb6d88: in 
DEBUG: ran git checkout master in 
DEBUG: ran git reset --hard aa0ad074059d5e62497fddff8510a95ce2eb6d88 in 
DEBUG: ran clean --force -d . in 
DEBUG: ran git merge 9df62ae9082c7804f5359fa300661c25320f5389 in 
Merged SHA 9df62ae9082c7804f5359fa300661c25320f5389 with commit message 'chore: Promote bdd-ghf**y-import-1577539636 to version 0.0.1' into base branch master

Showing logs for build [32mcb-kubecd-environment-pr-120-55-km4sw-1[0m stage [32mfrom-build-pack[0m and container [32mstep-build-helm-build[0m
WARNING: No $CHART_REPOSITORY defined so using the default value of: http://jenkins-x-chartmuseum:8080
Adding missing Helm repo: storage.googleapis.com https://storage.googleapis.com/chartmuseum.jenkins-x.io
WARNING: No secrets found on "helm/repos" due: reading the secret "helm/repos" from vault: no secret "helm/repos" not found in vault
Read credentials for https://storage.googleapis.com/chartmuseum.jenkins-x.io from vault helm/repos
Successfully added Helm repository storage.googleapis.com.
Adding missing Helm repo: jenkins-x-chartmuseum http://jenkins-x-chartmuseum:8080
WARNING: No secrets found on "helm/repos" due: reading the secret "helm/repos" from vault: no secret "helm/repos" not found in vault
Read credentials for http://jenkins-x-chartmuseum:8080 from vault helm/repos
Successfully added Helm repository jenkins-x-chartmuseum.
WARNING: No $CHART_REPOSITORY defined so using the default value of: http://jenkins-x-chartmuseum:8080
Adding missing Helm repo: chartmuseum.jenkins-x.io http://chartmuseum.jenkins-x.io
WARNING: No secrets found on "helm/repos" due: reading the secret "helm/repos" from vault: no secret "helm/repos" not found in vault
Read credentials for http://chartmuseum.jenkins-x.io from vault helm/repos
Successfully added Helm repository chartmuseum.jenkins-x.io.
